embeddings MolformerEmbeddings(
  (word_embeddings): Embedding(2362, 768, padding_idx=2)
  (dropout): Dropout(p=0.2, inplace=False)
)
encoder MolformerEncoder(
  (layer): ModuleList(
    (0-11): 12 x MolformerLayer(
      (attention): MolformerAttention(
        (self): MolformerSelfAttention(
          (query): Linear(in_features=768, out_features=768, bias=True)
          (key): Linear(in_features=768, out_features=768, bias=True)
          (value): Linear(in_features=768, out_features=768, bias=True)
          (rotary_embeddings): MolformerRotaryEmbedding()
          (feature_map): MolformerFeatureMap(
            (kernel): ReLU()
          )
        )
        (output): MolformerSelfOutput(
          (dense): Linear(in_features=768, out_features=768, bias=True)
          (LayerNorm): LayerNorm((768,), eps=1e-12, elementwise_affine=True)
          (dropout): Dropout(p=0.1, inplace=False)
        )
      )
      (intermediate): MolformerIntermediate(
        (dense): Linear(in_features=768, out_features=768, bias=True)
        (intermediate_act_fn): GELUActivation()
      )
      (output): MolformerOutput(
        (dense): Linear(in_features=768, out_features=768, bias=True)
        (LayerNorm): LayerNorm((768,), eps=1e-12, elementwise_affine=True)
        (dropout): Dropout(p=0.1, inplace=False)
      )
    )
  )
)
LayerNorm LayerNorm((768,), eps=1e-12, elementwise_affine=True)
Traceback (most recent call last):
  File "/lus/eagle/projects/datascience/avasan/envs/chem_llm_finetune/lib/python3.11/site-packages/pandas/core/indexes/base.py", line 3805, in get_loc
    return self._engine.get_loc(casted_key)
           ^^^^^^^^^^^^^^^^^^^^^^^^^^^^^^^^
  File "index.pyx", line 167, in pandas._libs.index.IndexEngine.get_loc
  File "index.pyx", line 196, in pandas._libs.index.IndexEngine.get_loc
  File "pandas/_libs/hashtable_class_helper.pxi", line 7081, in pandas._libs.hashtable.PyObjectHashTable.get_item
  File "pandas/_libs/hashtable_class_helper.pxi", line 7089, in pandas._libs.hashtable.PyObjectHashTable.get_item
KeyError: PosixPath('SMILES')
The above exception was the direct cause of the following exception:
Traceback (most recent call last):
  File "/lus/eagle/projects/datascience/avasan/PharmacoKinetics/ModelTraining/MolFormer/Solubility/run_script.py", line 71, in <module>
    X_train, X_test = sklearn.model_selection.train_test_split(data[args.smilescol], test_size=args.testprop, random_state=42)
                                                               ~~~~^^^^^^^^^^^^^^^^
  File "/lus/eagle/projects/datascience/avasan/envs/chem_llm_finetune/lib/python3.11/site-packages/pandas/core/frame.py", line 4102, in __getitem__
    indexer = self.columns.get_loc(key)
              ^^^^^^^^^^^^^^^^^^^^^^^^^
  File "/lus/eagle/projects/datascience/avasan/envs/chem_llm_finetune/lib/python3.11/site-packages/pandas/core/indexes/base.py", line 3812, in get_loc
    raise KeyError(key) from err
KeyError: PosixPath('SMILES')